0 info it worked if it ends with ok
1 verbose cli [ '/usr/local/bin/node', '/usr/local/bin/npm', 'run', 'dev' ]
2 info using npm@3.8.8
3 info using node@v5.1.1
4 verbose run-script [ 'predev', 'dev', 'postdev' ]
5 info lifecycle playground@0.0.0~predev: playground@0.0.0
6 silly lifecycle playground@0.0.0~predev: no script for predev, continuing
7 info lifecycle playground@0.0.0~dev: playground@0.0.0
8 verbose lifecycle playground@0.0.0~dev: unsafe-perm in lifecycle true
9 verbose lifecycle playground@0.0.0~dev: PATH: /usr/local/lib/node_modules/npm/bin/node-gyp-bin:/Users/hubertjaruzal/Desktop/Hubert/dev/React/Playground/node_modules/.bin:/usr/local/bin:/Users/hubertjaruzal/.rvm/gems/ruby-2.0.0-p643/bin:/Users/hubertjaruzal/.rvm/gems/ruby-2.0.0-p643@global/bin:/Users/hubertjaruzal/.rvm/rubies/ruby-2.0.0-p643/bin:/Users/hubertjaruzal/.rvm/bin:/Users/hubertjaruzal/.rbenv/shims:/usr/local/bin:/usr/bin:/bin:/usr/sbin:/sbin
10 verbose lifecycle playground@0.0.0~dev: CWD: /Users/hubertjaruzal/Desktop/Hubert/dev/React/Playground
11 silly lifecycle playground@0.0.0~dev: Args: [ '-c',
11 silly lifecycle   'webpack-dev-server --content-base views --inline --hot' ]
12 silly lifecycle playground@0.0.0~dev: Returned: code: 1  signal: null
13 info lifecycle playground@0.0.0~dev: Failed to exec dev script
14 verbose stack Error: playground@0.0.0 dev: `webpack-dev-server --content-base views --inline --hot`
14 verbose stack Exit status 1
14 verbose stack     at EventEmitter.<anonymous> (/usr/local/lib/node_modules/npm/lib/utils/lifecycle.js:244:16)
14 verbose stack     at emitTwo (events.js:87:13)
14 verbose stack     at EventEmitter.emit (events.js:172:7)
14 verbose stack     at ChildProcess.<anonymous> (/usr/local/lib/node_modules/npm/lib/utils/spawn.js:24:14)
14 verbose stack     at emitTwo (events.js:87:13)
14 verbose stack     at ChildProcess.emit (events.js:172:7)
14 verbose stack     at maybeClose (internal/child_process.js:818:16)
14 verbose stack     at Process.ChildProcess._handle.onexit (internal/child_process.js:211:5)
15 verbose pkgid playground@0.0.0
16 verbose cwd /Users/hubertjaruzal/Desktop/Hubert/dev/React/Playground
17 error Darwin 15.2.0
18 error argv "/usr/local/bin/node" "/usr/local/bin/npm" "run" "dev"
19 error node v5.1.1
20 error npm  v3.8.8
21 error code ELIFECYCLE
22 error playground@0.0.0 dev: `webpack-dev-server --content-base views --inline --hot`
22 error Exit status 1
23 error Failed at the playground@0.0.0 dev script 'webpack-dev-server --content-base views --inline --hot'.
23 error Make sure you have the latest version of node.js and npm installed.
23 error If you do, this is most likely a problem with the playground package,
23 error not with npm itself.
23 error Tell the author that this fails on your system:
23 error     webpack-dev-server --content-base views --inline --hot
23 error You can get information on how to open an issue for this project with:
23 error     npm bugs playground
23 error Or if that isn't available, you can get their info via:
23 error     npm owner ls playground
23 error There is likely additional logging output above.
24 verbose exit [ 1, true ]
